<?xml version="1.0" encoding="UTF-8"?>
<!-- Generated by org.testng.reporters.JUnitXMLReporter -->
<testsuite ignored="1" hostname="IN-PF2RSDYR" failures="1" tests="1" name="Home" time="5.072" errors="0" timestamp="2024-01-13T13:33:00 IST">
  <testcase classname="TestNGTest.FirstTest" name="homePageUser" time="5.023">
    <failure type="org.testng.internal.thread.ThreadTimeoutException" message="Method TestNGTest.FirstTest.homePageUser() didn&amp;apos;t finish within the time-out 5000">
      <![CDATA[org.testng.internal.thread.ThreadTimeoutException: Method TestNGTest.FirstTest.homePageUser() didn't finish within the time-out 5000
at java.base@17.0.9/java.lang.Thread.sleep(Native Method)
at app//org.openqa.selenium.os.OsProcess$SeleniumWatchDog.waitForProcessStarted(OsProcess.java:251)
at app//org.openqa.selenium.os.OsProcess$SeleniumWatchDog.access$000(OsProcess.java:227)
at app//org.openqa.selenium.os.OsProcess.waitForProcessStarted(OsProcess.java:111)
at app//org.openqa.selenium.os.CommandLine.waitForProcessStarted(CommandLine.java:103)
at app//org.openqa.selenium.remote.service.DriverService.start(DriverService.java:208)
at app//org.openqa.selenium.remote.service.DriverCommandExecutor.execute(DriverCommandExecutor.java:119)
at app//org.openqa.selenium.remote.RemoteWebDriver.execute(RemoteWebDriver.java:602)
at app//org.openqa.selenium.remote.RemoteWebDriver.startSession(RemoteWebDriver.java:236)
at app//org.openqa.selenium.remote.RemoteWebDriver.<init>(RemoteWebDriver.java:163)
at app//org.openqa.selenium.chromium.ChromiumDriver.<init>(ChromiumDriver.java:108)
at app//org.openqa.selenium.chrome.ChromeDriver.<init>(ChromeDriver.java:88)
at app//org.openqa.selenium.chrome.ChromeDriver.<init>(ChromeDriver.java:83)
at app//org.openqa.selenium.chrome.ChromeDriver.<init>(ChromeDriver.java:51)
at app//TestNGTest.FirstTest.homePageUser(FirstTest.java:26)
at java.base@17.0.9/java.util.concurrent.FutureTask.run(FutureTask.java:264)
at java.base@17.0.9/java.util.concurrent.ThreadPoolExecutor.runWorker(ThreadPoolExecutor.java:1136)
at java.base@17.0.9/java.util.concurrent.ThreadPoolExecutor$Worker.run(ThreadPoolExecutor.java:635)
at java.base@17.0.9/java.lang.Thread.run(Thread.java:842)
... Removed 8 stack frames]]>
    </failure>
  </testcase> <!-- homePageUser -->
  <testcase classname="TestNGTest.FirstTest" name="homePage" time="0.0">
    <ignored/>
  </testcase> <!-- homePage -->
</testsuite> <!-- Home -->
