<html>
<head>
<title>TestNG:  Home</title>
<link href="../testng.css" rel="stylesheet" type="text/css" />
<link href="../my-testng.css" rel="stylesheet" type="text/css" />

<style type="text/css">
.log { display: none;} 
.stack-trace { display: none;} 
</style>
<script type="text/javascript">
<!--
function flip(e) {
  current = e.style.display;
  if (current == 'block') {
    e.style.display = 'none';
    return 0;
  }
  else {
    e.style.display = 'block';
    return 1;
  }
}

function toggleBox(szDivId, elem, msg1, msg2)
{
  var res = -1;  if (document.getElementById) {
    res = flip(document.getElementById(szDivId));
  }
  else if (document.all) {
    // this is the way old msie versions work
    res = flip(document.all[szDivId]);
  }
  if(elem) {
    if(res == 0) elem.innerHTML = msg1; else elem.innerHTML = msg2;
  }

}

function toggleAllBoxes() {
  if (document.getElementsByTagName) {
    d = document.getElementsByTagName('div');
    for (i = 0; i < d.length; i++) {
      if (d[i].className == 'log') {
        flip(d[i]);
      }
    }
  }
}

// -->
</script>

</head>
<body>
<h2 align='center'>Home</h2><table border='1' align="center">
<tr>
<td>Tests passed/Failed/Skipped:</td><td>0/1/0</td>
</tr><tr>
<td>Started on:</td><td>Sat Jan 13 13:32:54 IST 2024</td>
</tr>
<tr><td>Total time:</td><td>5 seconds (5072 ms)</td>
</tr><tr>
<td>Included groups:</td><td>Regression </td>
</tr><tr>
<td>Excluded groups:</td><td>Smoke </td>
</tr>
</table><p/>
<small><i>(Hover the method name to see the test class name)</i></small><p/>
<table width='100%' border='1' class='invocation-failed'>
<tr><td colspan='4' align='center'><b>FAILED TESTS</b></td></tr>
<tr><td><b>Test method</b></td>
<td><b>Attribute(s)</b></td>
<td width="30%"><b>Exception</b></td>
<td width="10%"><b>Time (seconds)</b></td>
<td><b>Instance</b></td>
</tr>
<tr>
<td title='TestNGTest.FirstTest.homePageUser()'><b>homePageUser</b><br>Test class: TestNGTest.FirstTest</td>
<td><div><pre>org.testng.internal.thread.ThreadTimeoutException: Method TestNGTest.FirstTest.homePageUser() didn&apos;t finish within the time-out 5000
	at java.base@17.0.9/java.lang.Thread.sleep(Native Method)
	at app//org.openqa.selenium.os.OsProcess$SeleniumWatchDog.waitForProcessStarted(OsProcess.java:251)
	at app//org.openqa.selenium.os.OsProcess$SeleniumWatchDog.access$000(OsProcess.java:227)
	at app//org.openqa.selenium.os.OsProcess.waitForProcessStarted(OsProcess.java:111)
	at app//org.openqa.selenium.os.CommandLine.waitForProcessStarted(CommandLine.java:103)
	at app//org.openqa.selenium.remote.service.DriverService.start(DriverService.java:208)
	at app//org.openqa.selenium.remote.service.DriverCommandExecutor.execute(DriverCommandExecutor.java:119)
	at app//org.openqa.selenium.remote.RemoteWebDriver.execute(RemoteWebDriver.java:602)
	at app//org.openqa.selenium.remote.RemoteWebDriver.startSession(RemoteWebDriver.java:236)
	at app//org.openqa.selenium.remote.RemoteWebDriver.&lt;init&gt;(RemoteWebDriver.java:163)
	at app//org.openqa.selenium.chromium.ChromiumDriver.&lt;init&gt;(ChromiumDriver.java:108)
	at app//org.openqa.selenium.chrome.ChromeDriver.&lt;init&gt;(ChromeDriver.java:88)
	at app//org.openqa.selenium.chrome.ChromeDriver.&lt;init&gt;(ChromeDriver.java:83)
	at app//org.openqa.selenium.chrome.ChromeDriver.&lt;init&gt;(ChromeDriver.java:51)
	at app//TestNGTest.FirstTest.homePageUser(FirstTest.java:26)
	at java.base@17.0.9/java.util.concurrent.FutureTask.run(FutureTask.java:264)
	at java.base@17.0.9/java.util.concurrent.ThreadPoolExecutor.runWorker(ThreadPoolExecutor.java:1136)
	at java.base@17.0.9/java.util.concurrent.ThreadPoolExecutor$Worker.run(ThreadPoolExecutor.java:635)
	at java.base@17.0.9/java.lang.Thread.run(Thread.java:842)
... Removed 8 stack frames</pre></div><a href='#' onClick='toggleBox("stack-trace1725008249", this, "Click to show all stack frames", "Click to hide stack frames")'>Click to show all stack frames</a>
<div class='stack-trace' id='stack-trace1725008249'><pre>org.testng.internal.thread.ThreadTimeoutException: Method TestNGTest.FirstTest.homePageUser() didn&apos;t finish within the time-out 5000
	at java.base@17.0.9/java.lang.Thread.sleep(Native Method)
	at app//org.openqa.selenium.os.OsProcess$SeleniumWatchDog.waitForProcessStarted(OsProcess.java:251)
	at app//org.openqa.selenium.os.OsProcess$SeleniumWatchDog.access$000(OsProcess.java:227)
	at app//org.openqa.selenium.os.OsProcess.waitForProcessStarted(OsProcess.java:111)
	at app//org.openqa.selenium.os.CommandLine.waitForProcessStarted(CommandLine.java:103)
	at app//org.openqa.selenium.remote.service.DriverService.start(DriverService.java:208)
	at app//org.openqa.selenium.remote.service.DriverCommandExecutor.execute(DriverCommandExecutor.java:119)
	at app//org.openqa.selenium.remote.RemoteWebDriver.execute(RemoteWebDriver.java:602)
	at app//org.openqa.selenium.remote.RemoteWebDriver.startSession(RemoteWebDriver.java:236)
	at app//org.openqa.selenium.remote.RemoteWebDriver.&lt;init&gt;(RemoteWebDriver.java:163)
	at app//org.openqa.selenium.chromium.ChromiumDriver.&lt;init&gt;(ChromiumDriver.java:108)
	at app//org.openqa.selenium.chrome.ChromeDriver.&lt;init&gt;(ChromeDriver.java:88)
	at app//org.openqa.selenium.chrome.ChromeDriver.&lt;init&gt;(ChromeDriver.java:83)
	at app//org.openqa.selenium.chrome.ChromeDriver.&lt;init&gt;(ChromeDriver.java:51)
	at app//TestNGTest.FirstTest.homePageUser(FirstTest.java:26)
	at java.base@17.0.9/jdk.internal.reflect.NativeMethodAccessorImpl.invoke0(Native Method)
	at java.base@17.0.9/jdk.internal.reflect.NativeMethodAccessorImpl.invoke(NativeMethodAccessorImpl.java:77)
	at java.base@17.0.9/jdk.internal.reflect.DelegatingMethodAccessorImpl.invoke(DelegatingMethodAccessorImpl.java:43)
	at java.base@17.0.9/java.lang.reflect.Method.invoke(Method.java:568)
	at app//org.testng.internal.invokers.MethodInvocationHelper.invokeMethod(MethodInvocationHelper.java:139)
	at app//org.testng.internal.invokers.InvokeMethodRunnable.runOne(InvokeMethodRunnable.java:47)
	at app//org.testng.internal.invokers.InvokeMethodRunnable.call(InvokeMethodRunnable.java:76)
	at app//org.testng.internal.invokers.InvokeMethodRunnable.call(InvokeMethodRunnable.java:11)
	at java.base@17.0.9/java.util.concurrent.FutureTask.run(FutureTask.java:264)
	at java.base@17.0.9/java.util.concurrent.ThreadPoolExecutor.runWorker(ThreadPoolExecutor.java:1136)
	at java.base@17.0.9/java.util.concurrent.ThreadPoolExecutor$Worker.run(ThreadPoolExecutor.java:635)
	at java.base@17.0.9/java.lang.Thread.run(Thread.java:842)
</pre></div></td>
<td>5</td>
<td>TestNGTest.FirstTest@1a451d4d</td></tr>
</table><p>
</body>
</html>